#
# A fatal error has been detected by the Java Runtime Environment:
#
#  SIGSEGV (0xb) at pc=0x000000010af15084, pid=5587, tid=775
#
# JRE version: Java(TM) SE Runtime Environment (9.0+181) (build 9+181)
# Java VM: Java HotSpot(TM) 64-Bit Server VM (9+181, mixed mode, tiered, compressed oops, g1 gc, bsd-amd64)
# Problematic frame:
# V  [libjvm.dylib+0x715084]  JavaThread::set_thread_state(JavaThreadState)+0x4
#
# No core dump will be written. Core dumps have been disabled. To enable core dumping, try "ulimit -c unlimited" before starting Java again
#
# If you would like to submit a bug report, please visit:
#   http://bugreport.java.com/bugreport/crash.jsp
#

---------------  S U M M A R Y ------------

Command Line: -javaagent:/Applications/IntelliJ IDEA.app/Contents/lib/idea_rt.jar=52430:/Applications/IntelliJ IDEA.app/Contents/bin -Dfile.encoding=UTF-8 sample.Main

Host: MacBookPro14,1 x86_64 2300 MHz, 4 cores, 8G, Darwin 17.2.0
Time: Sun Dec 10 03:04:37 2017 IST elapsed time: 133 seconds (0d 0h 2m 13s)

---------------  T H R E A D  ---------------

Current thread is native thread

Stack: [0x00007ffee5523000,0x00007ffee5d23000],  sp=0x00007ffee5d1f2f0,  free space=8176k
Native frames: (J=compiled Java code, A=aot compiled Java code, j=interpreted, Vv=VM code, C=native code)
V  [libjvm.dylib+0x715084]  JavaThread::set_thread_state(JavaThreadState)+0x4
V  [libjvm.dylib+0x715247]  ThreadStateTransition::transition_from_native(JavaThread*, JavaThreadState)+0x17
V  [libjvm.dylib+0x3d4ff7]  jni_IsSameObject+0x4c
C  [JavaNativeFoundation+0x6e4e]  -[JNFWeakJObjectWrapper _getWithEnv:]+0x26
C  [JavaNativeFoundation+0x6c5b]  -[JNFJObjectWrapper jObjectWithEnv:]+0x16
C  [libawt_lwawt.dylib+0x1c0bc]  -[CGLLayer drawInCGLContext:pixelFormat:forLayerTime:displayTime:]+0xa1
C  [QuartzCore+0x71622]  CAOpenGLLayerDraw(CAOpenGLLayer*, double, CVTimeStamp const*, unsigned int)+0x7a7
C  [QuartzCore+0x70c83]  -[CAOpenGLLayer _display]+0x235
C  [QuartzCore+0x11a61]  CA::Layer::display_if_needed(CA::Transaction*)+0x279
C  [QuartzCore+0x1150f]  CA::Layer::layout_and_display_if_needed(CA::Transaction*)+0x23
C  [QuartzCore+0x10641]  CA::Context::commit_transaction(CA::Transaction*)+0x13f
C  [QuartzCore+0x101f5]  CA::Transaction::commit()+0x1e7
C  [QuartzCore+0x1bb3a]  CA::Transaction::observer_callback(__CFRunLoopObserver*, unsigned long, void*)+0x42
C  [CoreFoundation+0xa3227]  __CFRUNLOOP_IS_CALLING_OUT_TO_AN_OBSERVER_CALLBACK_FUNCTION__+0x17
C  [CoreFoundation+0xa314f]  __CFRunLoopDoObservers+0x20f
C  [CoreFoundation+0x85870]  __CFRunLoopRun+0x640
C  [CoreFoundation+0x84fa3]  CFRunLoopRunSpecific+0x1e3
C  [java+0x6b2e]  CreateExecutionEnvironment+0x35c
C  [java+0x2c65]  JLI_Launch+0x5a9
C  [java+0x1b62]  main+0x186
C  [java+0x19d4]  start+0x34


siginfo: si_signo: 11 (SIGSEGV), si_code: 1 (SEGV_MAPERR), si_addr: 0x0000000000000290

Register to memory mapping:

RAX=0x000000000000dead is an unknown value
RBX=0x0000000000000000 is an unknown value
RCX=0x000000010b0e80d0: jni_NativeInterface+0 in /Library/Java/JavaVirtualMachines/jdk-9.jdk/Contents/Home/lib/server/libjvm.dylib at 0x000000010a800000
RDX=0x0000000000000000 is an unknown value
RSP=0x00007ffee5d1f2f0 is an unknown value
RBP=0x00007ffee5d1f2f0 is an unknown value
RSI=0x0000000000000005 is an unknown value
RDI=0x0000000000000000 is an unknown value
R8 =0x0000000000000000 is an unknown value
R9 =0x0000000000000000 is an unknown value
R10=0x00007fff864f5ed8: OBJC_CLASS_$_JNFWeakJObjectWrapper+0 in /System/Library/Frameworks/JavaVM.framework/Versions/A/Frameworks/JavaNativeFoundation.framework/Versions/A/JavaNativeFoundation at 0x00007fff2f308000
R11=0x00007f89a14f73d0 is an unknown value
R12=0x00007f89a15f32d9 is a weak global jni handle
R13=0x00007f89a153a520 is an unknown value
R14=0x0000000000000006 is an unknown value
R15=0x00007f89a14f8720 is an unknown value


Registers:
RAX=0x000000000000dead, RBX=0x0000000000000000, RCX=0x000000010b0e80d0, RDX=0x0000000000000000
RSP=0x00007ffee5d1f2f0, RBP=0x00007ffee5d1f2f0, RSI=0x0000000000000005, RDI=0x0000000000000000
R8 =0x0000000000000000, R9 =0x0000000000000000, R10=0x00007fff864f5ed8, R11=0x00007f89a14f73d0
R12=0x00007f89a15f32d9, R13=0x00007f89a153a520, R14=0x0000000000000006, R15=0x00007f89a14f8720
RIP=0x000000010af15084, EFLAGS=0x0000000000010202, ERR=0x0000000000000006
  TRAPNO=0x000000000000000e

Top of Stack: (sp=0x00007ffee5d1f2f0)
0x00007ffee5d1f2f0:   00007ffee5d1f310 000000010af15247
0x00007ffee5d1f300:   00007f899e109a18 0000000000000000
0x00007ffee5d1f310:   00007ffee5d1f350 000000010abd4ff7
0x00007ffee5d1f320:   00007ffee5d1f360 0000000000000000
0x00007ffee5d1f330:   00007f89a3111a50 00007f89a5111800
0x00007ffee5d1f340:   0000000000000008 00007f89a14f8720
0x00007ffee5d1f350:   00007ffee5d1f370 00007fff2f30ee4e
0x00007ffee5d1f360:   00007f899e109a18 00007fff5219ce80
0x00007ffee5d1f370:   00007ffee5d1f390 00007fff2f30ec5b
0x00007ffee5d1f380:   00007f89a3111a50 00007f899e109a18
0x00007ffee5d1f390:   00007ffee5d1f3f0 00000001325d80bc
0x00007ffee5d1f3a0:   00007fff29a6370a 40fa1633cf2e9457
0x00007ffee5d1f3b0:   0000000000000000 00007f89a5111800
0x00007ffee5d1f3c0:   00007ffee5d1f3f0 00007fff5219ce80
0x00007ffee5d1f3d0:   00007f89a153a520 00007f89a11029d0
0x00007ffee5d1f3e0:   00007f89a152b300 00007f89a5111800
0x00007ffee5d1f3f0:   00007ffee5d1f4a0 00007fff368ee622
0x00007ffee5d1f400:   00007f89a153a520 0000000000000000
0x00007ffee5d1f410:   0000000000000000 00007f89a153a520
0x00007ffee5d1f420:   0000000000000000 0000000000000000
0x00007ffee5d1f430:   00007ffee5d1f480 0000000000000004
0x00007ffee5d1f440:   0000000000000000 40fa1633cf2e9457
0x00007ffee5d1f450:   0000000000000004 0000000000000000
0x00007ffee5d1f460:   0000000000000000 00007ffee5d1f480
0x00007ffee5d1f470:   00007f89a153a520 00007fff5219ce80
0x00007ffee5d1f480:   0000000000000004 0000000000000000
0x00007ffee5d1f490:   00007f89a153a520 00007fff29a6370a
0x00007ffee5d1f4a0:   00007ffee5d1f510 00007fff368edc83
0x00007ffee5d1f4b0:   0000000000000000 0000000000000000
0x00007ffee5d1f4c0:   4070600000000000 4062200000000000
0x00007ffee5d1f4d0:   4062200000000000 4070600000000000
0x00007ffee5d1f4e0:   4000000000000000 00007ffee5d1f5e0 

Instructions: (pc=0x000000010af15084)
0x000000010af15064:   e8 15 0c f5 ff 48 89 df 44 89 f6 5b 41 5e 5d e9
0x000000010af15074:   08 00 00 00 0f 1f 84 00 00 00 00 00 55 48 89 e5
0x000000010af15084:   89 b7 90 02 00 00 5d c3 0f 1f 40 00 55 48 89 e5
0x000000010af15094:   48 8d 0d 05 ee 21 00 b0 01 83 39 01 75 0d 48 8d 


---------------  P R O C E S S  ---------------

VM state:not at safepoint (normal execution)

VM Mutex/Monitor currently owned by a thread: None

Heap address: 0x0000000740000000, size: 2048 MB, Compressed Oops mode: Zero based, Oop shift amount: 3
Narrow klass base: 0x0000000000000000, Narrow klass shift: 3
Compressed class space size: 1073741824 Address: 0x00000007c0000000

Heap:
 garbage-first heap   total 131072K, used 45587K [0x0000000740000000, 0x0000000740100400, 0x00000007c0000000)
  region size 1024K, 20 young (20480K), 4 survivors (4096K)
 Metaspace       used 30064K, capacity 32776K, committed 32944K, reserved 1077248K
  class space    used 3763K, capacity 4246K, committed 4272K, reserved 1048576K
Heap Regions: E=young(eden), S=young(survivor), O=old, HS=humongous(starts), HC=humongous(continues), CS=collection set, F=free, A=archive, TS=gc time stamp, AC=allocation context, TAMS=top-at-mark-start (previous, next)
|   0|0x0000000740000000, 0x0000000740100000, 0x0000000740100000|100%| O|  |TS  1|AC  0|TAMS 0x00000007400d4600, 0x00000007400d4600|
|   1|0x0000000740100000, 0x0000000740200000, 0x0000000740200000|100%| O|  |TS  3|AC  0|TAMS 0x0000000740100000, 0x0000000740100000|
|   2|0x0000000740200000, 0x0000000740300000, 0x0000000740300000|100%|HS|  |TS  0|AC  0|TAMS 0x0000000740300000, 0x0000000740300000|
|   3|0x0000000740300000, 0x0000000740400000, 0x0000000740400000|100%|HC|  |TS  0|AC  0|TAMS 0x0000000740400000, 0x0000000740400000|
|   4|0x0000000740400000, 0x0000000740400000, 0x0000000740500000|  0%| F|  |TS  3|AC  0|TAMS 0x0000000740400000, 0x0000000740400000|
|   5|0x0000000740500000, 0x0000000740500000, 0x0000000740600000|  0%| F|  |TS  3|AC  0|TAMS 0x0000000740500000, 0x0000000740500000|
|   6|0x0000000740600000, 0x0000000740700000, 0x0000000740700000|100%| O|  |TS  1|AC  0|TAMS 0x0000000740600000, 0x0000000740600000|
|   7|0x0000000740700000, 0x0000000740800000, 0x0000000740800000|100%| O|  |TS  1|AC  0|TAMS 0x0000000740700000, 0x0000000740700000|
|   8|0x0000000740800000, 0x0000000740900000, 0x0000000740900000|100%| O|  |TS  1|AC  0|TAMS 0x0000000740800000, 0x0000000740800000|
|   9|0x0000000740900000, 0x0000000740a00000, 0x0000000740a00000|100%| O|  |TS  1|AC  0|TAMS 0x0000000740900000, 0x0000000740900000|
|  10|0x0000000740a00000, 0x0000000740b00000, 0x0000000740b00000|100%| O|  |TS  1|AC  0|TAMS 0x0000000740a00000, 0x0000000740a00000|
|  11|0x0000000740b00000, 0x0000000740c00000, 0x0000000740c00000|100%| O|  |TS  1|AC  0|TAMS 0x0000000740b00000, 0x0000000740b00000|
|  12|0x0000000740c00000, 0x0000000740d00000, 0x0000000740d00000|100%| O|  |TS  1|AC  0|TAMS 0x0000000740c00000, 0x0000000740c00000|
|  13|0x0000000740d00000, 0x0000000740e00000, 0x0000000740e00000|100%| O|  |TS  3|AC  0|TAMS 0x0000000740d00000, 0x0000000740d00000|
|  14|0x0000000740e00000, 0x0000000740f00000, 0x0000000740f00000|100%|HS|  |TS  0|AC  0|TAMS 0x0000000740e00000, 0x0000000740e00000|
|  15|0x0000000740f00000, 0x0000000741000000, 0x0000000741000000|100%|HC|  |TS  0|AC  0|TAMS 0x0000000740f00000, 0x0000000740f00000|
|  16|0x0000000741000000, 0x0000000741100000, 0x0000000741100000|100%|HS|  |TS  0|AC  0|TAMS 0x0000000741000000, 0x0000000741000000|
|  17|0x0000000741100000, 0x0000000741200000, 0x0000000741200000|100%|HC|  |TS  0|AC  0|TAMS 0x0000000741100000, 0x0000000741100000|
|  18|0x0000000741200000, 0x0000000741300000, 0x0000000741300000|100%|HC|  |TS  0|AC  0|TAMS 0x0000000741200000, 0x0000000741200000|
|  19|0x0000000741300000, 0x0000000741400000, 0x0000000741400000|100%|HC|  |TS  0|AC  0|TAMS 0x0000000741300000, 0x0000000741300000|
|  20|0x0000000741400000, 0x0000000741500000, 0x0000000741500000|100%|HC|  |TS  0|AC  0|TAMS 0x0000000741400000, 0x0000000741400000|
|  21|0x0000000741500000, 0x0000000741600000, 0x0000000741600000|100%| O|  |TS  3|AC  0|TAMS 0x0000000741500000, 0x0000000741500000|
|  22|0x0000000741600000, 0x0000000741700000, 0x0000000741700000|100%| O|  |TS  3|AC  0|TAMS 0x0000000741600000, 0x0000000741600000|
|  23|0x0000000741700000, 0x0000000741800000, 0x0000000741800000|100%| O|  |TS  3|AC  0|TAMS 0x0000000741700000, 0x0000000741700000|
|  24|0x0000000741800000, 0x0000000741900000, 0x0000000741900000|100%| O|  |TS  3|AC  0|TAMS 0x0000000741800000, 0x0000000741800000|
|  25|0x0000000741900000, 0x0000000741a00000, 0x0000000741a00000|100%| O|  |TS  3|AC  0|TAMS 0x0000000741900000, 0x0000000741900000|
|  26|0x0000000741a00000, 0x0000000741b00000, 0x0000000741b00000|100%| O|  |TS  3|AC  0|TAMS 0x0000000741a00000, 0x0000000741a00000|
|  27|0x0000000741b00000, 0x0000000741b84c00, 0x0000000741c00000| 51%| O|  |TS  3|AC  0|TAMS 0x0000000741b00000, 0x0000000741b00000|
|  28|0x0000000741c00000, 0x0000000741c00000, 0x0000000741d00000|  0%| F|  |TS  0|AC  0|TAMS 0x0000000741c00000, 0x0000000741c00000|
|  29|0x0000000741d00000, 0x0000000741d00000, 0x0000000741e00000|  0%| F|  |TS  0|AC  0|TAMS 0x0000000741d00000, 0x0000000741d00000|
|  30|0x0000000741e00000, 0x0000000741e00000, 0x0000000741f00000|  0%| F|  |TS  0|AC  0|TAMS 0x0000000741e00000, 0x0000000741e00000|
|  31|0x0000000741f00000, 0x0000000741f00000, 0x0000000742000000|  0%| F|  |TS  0|AC  0|TAMS 0x0000000741f00000, 0x0000000741f00000|
|  32|0x0000000742000000, 0x0000000742000000, 0x0000000742100000|  0%| F|  |TS  0|AC  0|TAMS 0x0000000742000000, 0x0000000742000000|
|  33|0x0000000742100000, 0x0000000742100000, 0x0000000742200000|  0%| F|  |TS  0|AC  0|TAMS 0x0000000742100000, 0x0000000742100000|
|  34|0x0000000742200000, 0x0000000742200000, 0x0000000742300000|  0%| F|  |TS  0|AC  0|TAMS 0x0000000742200000, 0x0000000742200000|
|  35|0x0000000742300000, 0x0000000742300000, 0x0000000742400000|  0%| F|  |TS  0|AC  0|TAMS 0x0000000742300000, 0x0000000742300000|
|  36|0x0000000742400000, 0x0000000742400000, 0x0000000742500000|  0%| F|  |TS  0|AC  0|TAMS 0x0000000742400000, 0x0000000742400000|
|  37|0x0000000742500000, 0x0000000742500000, 0x0000000742600000|  0%| F|  |TS  0|AC  0|TAMS 0x0000000742500000, 0x0000000742500000|
|  38|0x0000000742600000, 0x0000000742600000, 0x0000000742700000|  0%| F|  |TS  0|AC  0|TAMS 0x0000000742600000, 0x0000000742600000|
|  39|0x0000000742700000, 0x0000000742700000, 0x0000000742800000|  0%| F|  |TS  0|AC  0|TAMS 0x0000000742700000, 0x0000000742700000|
|  40|0x0000000742800000, 0x0000000742800000, 0x0000000742900000|  0%| F|  |TS  0|AC  0|TAMS 0x0000000742800000, 0x0000000742800000|
|  41|0x0000000742900000, 0x0000000742900000, 0x0000000742a00000|  0%| F|  |TS  0|AC  0|TAMS 0x0000000742900000, 0x0000000742900000|
|  42|0x0000000742a00000, 0x0000000742a00000, 0x0000000742b00000|  0%| F|  |TS  0|AC  0|TAMS 0x0000000742a00000, 0x0000000742a00000|
|  43|0x0000000742b00000, 0x0000000742b00000, 0x0000000742c00000|  0%| F|  |TS  0|AC  0|TAMS 0x0000000742b00000, 0x0000000742b00000|
|  44|0x0000000742c00000, 0x0000000742c00000, 0x0000000742d00000|  0%| F|  |TS  0|AC  0|TAMS 0x0000000742c00000, 0x0000000742c00000|
|  45|0x0000000742d00000, 0x0000000742d00000, 0x0000000742e00000|  0%| F|  |TS  0|AC  0|TAMS 0x0000000742d00000, 0x0000000742d00000|
|  46|0x0000000742e00000, 0x0000000742e00000, 0x0000000742f00000|  0%| F|  |TS  0|AC  0|TAMS 0x0000000742e00000, 0x0000000742e00000|
|  47|0x0000000742f00000, 0x0000000742f00000, 0x0000000743000000|  0%| F|  |TS  0|AC  0|TAMS 0x0000000742f00000, 0x0000000742f00000|
|  48|0x0000000743000000, 0x0000000743000000, 0x0000000743100000|  0%| F|  |TS  0|AC  0|TAMS 0x0000000743000000, 0x0000000743000000|
|  49|0x0000000743100000, 0x0000000743100000, 0x0000000743200000|  0%| F|  |TS  0|AC  0|TAMS 0x0000000743100000, 0x0000000743100000|
|  50|0x0000000743200000, 0x0000000743200000, 0x0000000743300000|  0%| F|  |TS  0|AC  0|TAMS 0x0000000743200000, 0x0000000743200000|
|  51|0x0000000743300000, 0x0000000743300000, 0x0000000743400000|  0%| F|  |TS  0|AC  0|TAMS 0x0000000743300000, 0x0000000743300000|
|  52|0x0000000743400000, 0x0000000743400000, 0x0000000743500000|  0%| F|  |TS  0|AC  0|TAMS 0x0000000743400000, 0x0000000743400000|
|  53|0x0000000743500000, 0x0000000743500000, 0x0000000743600000|  0%| F|  |TS  0|AC  0|TAMS 0x0000000743500000, 0x0000000743500000|
|  54|0x0000000743600000, 0x0000000743600000, 0x0000000743700000|  0%| F|  |TS  0|AC  0|TAMS 0x0000000743600000, 0x0000000743600000|
|  55|0x0000000743700000, 0x0000000743700000, 0x0000000743800000|  0%| F|  |TS  0|AC  0|TAMS 0x0000000743700000, 0x0000000743700000|
|  56|0x0000000743800000, 0x0000000743800000, 0x0000000743900000|  0%| F|  |TS  0|AC  0|TAMS 0x0000000743800000, 0x0000000743800000|
|  57|0x0000000743900000, 0x0000000743900000, 0x0000000743a00000|  0%| F|  |TS  0|AC  0|TAMS 0x0000000743900000, 0x0000000743900000|
|  58|0x0000000743a00000, 0x0000000743a00000, 0x0000000743b00000|  0%| F|  |TS  0|AC  0|TAMS 0x0000000743a00000, 0x0000000743a00000|
|  59|0x0000000743b00000, 0x0000000743b00000, 0x0000000743c00000|  0%| F|  |TS  0|AC  0|TAMS 0x0000000743b00000, 0x0000000743b00000|
|  60|0x0000000743c00000, 0x0000000743c00000, 0x0000000743d00000|  0%| F|  |TS  0|AC  0|TAMS 0x0000000743c00000, 0x0000000743c00000|
|  61|0x0000000743d00000, 0x0000000743d00000, 0x0000000743e00000|  0%| F|  |TS  0|AC  0|TAMS 0x0000000743d00000, 0x0000000743d00000|
|  62|0x0000000743e00000, 0x0000000743e00000, 0x0000000743f00000|  0%| F|  |TS  0|AC  0|TAMS 0x0000000743e00000, 0x0000000743e00000|
|  63|0x0000000743f00000, 0x0000000743f00000, 0x0000000744000000|  0%| F|  |TS  0|AC  0|TAMS 0x0000000743f00000, 0x0000000743f00000|
|  64|0x0000000744000000, 0x0000000744000000, 0x0000000744100000|  0%| F|  |TS  0|AC  0|TAMS 0x0000000744000000, 0x0000000744000000|
|  65|0x0000000744100000, 0x0000000744100000, 0x0000000744200000|  0%| F|  |TS  0|AC  0|TAMS 0x0000000744100000, 0x0000000744100000|
|  66|0x0000000744200000, 0x0000000744200000, 0x0000000744300000|  0%| F|  |TS  0|AC  0|TAMS 0x0000000744200000, 0x0000000744200000|
|  67|0x0000000744300000, 0x0000000744300000, 0x0000000744400000|  0%| F|  |TS  0|AC  0|TAMS 0x0000000744300000, 0x0000000744300000|
|  68|0x0000000744400000, 0x0000000744400000, 0x0000000744500000|  0%| F|  |TS  0|AC  0|TAMS 0x0000000744400000, 0x0000000744400000|
|  69|0x0000000744500000, 0x0000000744500000, 0x0000000744600000|  0%| F|  |TS  0|AC  0|TAMS 0x0000000744500000, 0x0000000744500000|
|  70|0x0000000744600000, 0x0000000744600000, 0x0000000744700000|  0%| F|  |TS  0|AC  0|TAMS 0x0000000744600000, 0x0000000744600000|
|  71|0x0000000744700000, 0x0000000744700000, 0x0000000744800000|  0%| F|  |TS  0|AC  0|TAMS 0x0000000744700000, 0x0000000744700000|
|  72|0x0000000744800000, 0x0000000744800000, 0x0000000744900000|  0%| F|  |TS  0|AC  0|TAMS 0x0000000744800000, 0x0000000744800000|
|  73|0x0000000744900000, 0x0000000744900000, 0x0000000744a00000|  0%| F|  |TS  0|AC  0|TAMS 0x0000000744900000, 0x0000000744900000|
|  74|0x0000000744a00000, 0x0000000744a00000, 0x0000000744b00000|  0%| F|  |TS  0|AC  0|TAMS 0x0000000744a00000, 0x0000000744a00000|
|  75|0x0000000744b00000, 0x0000000744b00000, 0x0000000744c00000|  0%| F|  |TS  0|AC  0|TAMS 0x0000000744b00000, 0x0000000744b00000|
|  76|0x0000000744c00000, 0x0000000744c00000, 0x0000000744d00000|  0%| F|  |TS  0|AC  0|TAMS 0x0000000744c00000, 0x0000000744c00000|
|  77|0x0000000744d00000, 0x0000000744d00000, 0x0000000744e00000|  0%| F|  |TS  0|AC  0|TAMS 0x0000000744d00000, 0x0000000744d00000|
|  78|0x0000000744e00000, 0x0000000744e00000, 0x0000000744f00000|  0%| F|  |TS  0|AC  0|TAMS 0x0000000744e00000, 0x0000000744e00000|
|  79|0x0000000744f00000, 0x0000000744f00000, 0x0000000745000000|  0%| F|  |TS  0|AC  0|TAMS 0x0000000744f00000, 0x0000000744f00000|
|  80|0x0000000745000000, 0x0000000745000000, 0x0000000745100000|  0%| F|  |TS  0|AC  0|TAMS 0x0000000745000000, 0x0000000745000000|
|  81|0x0000000745100000, 0x0000000745100000, 0x0000000745200000|  0%| F|  |TS  0|AC  0|TAMS 0x0000000745100000, 0x0000000745100000|
|  82|0x0000000745200000, 0x0000000745200000, 0x0000000745300000|  0%| F|  |TS  0|AC  0|TAMS 0x0000000745200000, 0x0000000745200000|
|  83|0x0000000745300000, 0x0000000745300000, 0x0000000745400000|  0%| F|  |TS  0|AC  0|TAMS 0x0000000745300000, 0x0000000745300000|
|  84|0x0000000745400000, 0x0000000745400000, 0x0000000745500000|  0%| F|  |TS  0|AC  0|TAMS 0x0000000745400000, 0x0000000745400000|
|  85|0x0000000745500000, 0x0000000745500000, 0x0000000745600000|  0%| F|  |TS  0|AC  0|TAMS 0x0000000745500000, 0x0000000745500000|
|  86|0x0000000745600000, 0x0000000745600000, 0x0000000745700000|  0%| F|  |TS  0|AC  0|TAMS 0x0000000745600000, 0x0000000745600000|
|  87|0x0000000745700000, 0x0000000745700000, 0x0000000745800000|  0%| F|  |TS  0|AC  0|TAMS 0x0000000745700000, 0x0000000745700000|
|  88|0x0000000745800000, 0x0000000745800000, 0x0000000745900000|  0%| F|  |TS  0|AC  0|TAMS 0x0000000745800000, 0x0000000745800000|
|  89|0x0000000745900000, 0x0000000745900000, 0x0000000745a00000|  0%| F|  |TS  0|AC  0|TAMS 0x0000000745900000, 0x0000000745900000|
|  90|0x0000000745a00000, 0x0000000745a00000, 0x0000000745b00000|  0%| F|  |TS  0|AC  0|TAMS 0x0000000745a00000, 0x0000000745a00000|
|  91|0x0000000745b00000, 0x0000000745b00000, 0x0000000745c00000|  0%| F|  |TS  0|AC  0|TAMS 0x0000000745b00000, 0x0000000745b00000|
|  92|0x0000000745c00000, 0x0000000745c00000, 0x0000000745d00000|  0%| F|  |TS  0|AC  0|TAMS 0x0000000745c00000, 0x0000000745c00000|
|  93|0x0000000745d00000, 0x0000000745e00000, 0x0000000745e00000|100%| S|CS|TS  3|AC  0|TAMS 0x0000000745d00000, 0x0000000745d00000|
|  94|0x0000000745e00000, 0x0000000745e00000, 0x0000000745f00000|  0%| F|  |TS  3|AC  0|TAMS 0x0000000745e00000, 0x0000000745e00000|
|  95|0x0000000745f00000, 0x0000000745f00000, 0x0000000746000000|  0%| F|  |TS  3|AC  0|TAMS 0x0000000745f00000, 0x0000000745f00000|
|  96|0x0000000746000000, 0x0000000746000000, 0x0000000746100000|  0%| F|  |TS  3|AC  0|TAMS 0x0000000746000000, 0x0000000746000000|
|  97|0x0000000746100000, 0x0000000746100000, 0x0000000746200000|  0%| F|  |TS  3|AC  0|TAMS 0x0000000746100000, 0x0000000746100000|
|  98|0x0000000746200000, 0x0000000746300000, 0x0000000746300000|100%| S|CS|TS  3|AC  0|TAMS 0x0000000746200000, 0x0000000746200000|
|  99|0x0000000746300000, 0x0000000746400000, 0x0000000746400000|100%| S|CS|TS  3|AC  0|TAMS 0x0000000746300000, 0x0000000746300000|
| 100|0x0000000746400000, 0x0000000746500000, 0x0000000746500000|100%| S|CS|TS  3|AC  0|TAMS 0x0000000746400000, 0x0000000746400000|
| 101|0x0000000746500000, 0x0000000746500000, 0x0000000746600000|  0%| F|  |TS  3|AC  0|TAMS 0x0000000746500000, 0x0000000746500000|
| 102|0x0000000746600000, 0x0000000746600000, 0x0000000746700000|  0%| F|  |TS  3|AC  0|TAMS 0x0000000746600000, 0x0000000746600000|
| 103|0x0000000746700000, 0x0000000746700000, 0x0000000746800000|  0%| F|  |TS  3|AC  0|TAMS 0x0000000746700000, 0x0000000746700000|
| 104|0x0000000746800000, 0x0000000746800000, 0x0000000746900000|  0%| F|  |TS  3|AC  0|TAMS 0x0000000746800000, 0x0000000746800000|
| 105|0x0000000746900000, 0x0000000746900000, 0x0000000746a00000|  0%| F|  |TS  3|AC  0|TAMS 0x0000000746900000, 0x0000000746900000|
| 106|0x0000000746a00000, 0x0000000746a00000, 0x0000000746b00000|  0%| F|  |TS  3|AC  0|TAMS 0x0000000746a00000, 0x0000000746a00000|
| 107|0x0000000746b00000, 0x0000000746b00000, 0x0000000746c00000|  0%| F|  |TS  3|AC  0|TAMS 0x0000000746b00000, 0x0000000746b00000|
| 108|0x0000000746c00000, 0x0000000746c00000, 0x0000000746d00000|  0%| F|  |TS  3|AC  0|TAMS 0x0000000746c00000, 0x0000000746c00000|
| 109|0x0000000746d00000, 0x0000000746d00000, 0x0000000746e00000|  0%| F|  |TS  3|AC  0|TAMS 0x0000000746d00000, 0x0000000746d00000|
| 110|0x0000000746e00000, 0x0000000746e00000, 0x0000000746f00000|  0%| F|  |TS  3|AC  0|TAMS 0x0000000746e00000, 0x0000000746e00000|
| 111|0x0000000746f00000, 0x0000000746f00000, 0x0000000747000000|  0%| F|  |TS  3|AC  0|TAMS 0x0000000746f00000, 0x0000000746f00000|
| 112|0x0000000747000000, 0x0000000747100000, 0x0000000747100000|100%| E|  |TS  3|AC  0|TAMS 0x0000000747000000, 0x0000000747000000|
| 113|0x0000000747100000, 0x0000000747200000, 0x0000000747200000|100%| E|CS|TS  3|AC  0|TAMS 0x0000000747100000, 0x0000000747100000|
| 114|0x0000000747200000, 0x0000000747300000, 0x0000000747300000|100%| E|CS|TS  3|AC  0|TAMS 0x0000000747200000, 0x0000000747200000|
| 115|0x0000000747300000, 0x0000000747400000, 0x0000000747400000|100%| E|CS|TS  3|AC  0|TAMS 0x0000000747300000, 0x0000000747300000|
| 116|0x0000000747400000, 0x0000000747500000, 0x0000000747500000|100%| E|CS|TS  3|AC  0|TAMS 0x0000000747400000, 0x0000000747400000|
| 117|0x0000000747500000, 0x0000000747600000, 0x0000000747600000|100%| E|CS|TS  3|AC  0|TAMS 0x0000000747500000, 0x0000000747500000|
| 118|0x0000000747600000, 0x0000000747700000, 0x0000000747700000|100%| E|CS|TS  3|AC  0|TAMS 0x0000000747600000, 0x0000000747600000|
| 119|0x0000000747700000, 0x0000000747800000, 0x0000000747800000|100%| E|CS|TS  3|AC  0|TAMS 0x0000000747700000, 0x0000000747700000|
| 120|0x0000000747800000, 0x0000000747900000, 0x0000000747900000|100%| E|CS|TS  3|AC  0|TAMS 0x0000000747800000, 0x0000000747800000|
| 121|0x0000000747900000, 0x0000000747a00000, 0x0000000747a00000|100%| E|CS|TS  3|AC  0|TAMS 0x0000000747900000, 0x0000000747900000|
| 122|0x0000000747a00000, 0x0000000747b00000, 0x0000000747b00000|100%| E|CS|TS  3|AC  0|TAMS 0x0000000747a00000, 0x0000000747a00000|
| 123|0x0000000747b00000, 0x0000000747c00000, 0x0000000747c00000|100%| E|CS|TS  3|AC  0|TAMS 0x0000000747b00000, 0x0000000747b00000|
| 124|0x0000000747c00000, 0x0000000747d00000, 0x0000000747d00000|100%| E|CS|TS  3|AC  0|TAMS 0x0000000747c00000, 0x0000000747c00000|
| 125|0x0000000747d00000, 0x0000000747e00000, 0x0000000747e00000|100%| E|CS|TS  3|AC  0|TAMS 0x0000000747d00000, 0x0000000747d00000|
| 126|0x0000000747e00000, 0x0000000747f00000, 0x0000000747f00000|100%| E|CS|TS  3|AC  0|TAMS 0x0000000747e00000, 0x0000000747e00000|
| 127|0x0000000747f00000, 0x0000000748000000, 0x0000000748000000|100%| E|CS|TS  3|AC  0|TAMS 0x0000000747f00000, 0x0000000747f00000|

Card table byte_map: [0x000000010c274000,0x000000010c674000] byte_map_base: 0x0000000108874000

Marking Bits (Prev, Next): (CMBitMap*) 0x00007f899d82f2a8, (CMBitMap*) 0x00007f899d82f270
 Prev Bits: [0x0000000128dda000, 0x000000012adda000)
 Next Bits: [0x000000010ca74000, 0x000000010ea74000)

Polling page: 0x0000000109f52000

CodeHeap 'non-profiled nmethods': size=120032Kb used=2066Kb max_used=2156Kb free=117965Kb
 bounds [0x00000001218a2000, 0x0000000121b12000, 0x0000000128dda000]
CodeHeap 'profiled nmethods': size=120032Kb used=10675Kb max_used=11476Kb free=109356Kb
 bounds [0x000000011a36a000, 0x000000011aeaa000, 0x00000001218a2000]
CodeHeap 'non-nmethods': size=5696Kb used=1564Kb max_used=1624Kb free=4131Kb
 bounds [0x0000000119dda000, 0x000000011a04a000, 0x000000011a36a000]
 total_blobs=7186 nmethods=4951 adapters=851
 compilation: enabled

Compilation events (10 events):
Event: 132.309 Thread 0x00007f899c809000 5288       3       java.util.BitSet::checkInvariants (111 bytes)
Event: 132.309 Thread 0x00007f899c809000 nmethod 5288 0x000000011a398490 code [0x000000011a398640, 0x000000011a3987d0]
Event: 132.728 Thread 0x00007f899c802000 5289       4       com.sun.javafx.event.EventDispatchChainImpl::reset (44 bytes)
Event: 132.732 Thread 0x00007f899c802000 nmethod 5289 0x00000001218ee690 code [0x00000001218ee820, 0x00000001218eeab8]
Event: 133.224 Thread 0x00007f899c809000 5290   !   3       java.awt.KeyboardFocusManager::getGlobalFocusOwner (20 bytes)
Event: 133.225 Thread 0x00007f899c809000 nmethod 5290 0x000000011a3bc010 code [0x000000011a3bc200, 0x000000011a3bc688]
Event: 133.230 Thread 0x00007f899c809000 5291       3       java.lang.invoke.MemberName::asSpecial (89 bytes)
Event: 133.230 Thread 0x00007f899c809000 nmethod 5291 0x000000011a3bd890 code [0x000000011a3bdb60, 0x000000011a3be9a8]
Event: 133.243 Thread 0x00007f899d011800 5292       4       java.util.concurrent.atomic.AtomicBoolean::getAndSet (25 bytes)
Event: 133.244 Thread 0x00007f899d011800 nmethod 5292 0x00000001218d7990 code [0x00000001218d7b20, 0x00000001218d7b98]

GC Heap History (8 events):
Event: 1.067 GC heap before
{Heap before GC invocations=0 (full 0):
 garbage-first heap   total 131072K, used 14336K [0x0000000740000000, 0x0000000740100400, 0x00000007c0000000)
  region size 1024K, 14 young (14336K), 0 survivors (0K)
 Metaspace       used 11717K, capacity 12390K, committed 12416K, reserved 1060864K
  class space    used 1239K, capacity 1395K, committed 1408K, reserved 1048576K
}
Event: 1.071 GC heap after
{Heap after GC invocations=1 (full 0):
 garbage-first heap   total 131072K, used 2897K [0x0000000740000000, 0x0000000740100400, 0x00000007c0000000)
  region size 1024K, 2 young (2048K), 2 survivors (2048K)
 Metaspace       used 11717K, capacity 12390K, committed 12416K, reserved 1060864K
  class space    used 1239K, capacity 1395K, committed 1408K, reserved 1048576K
}
Event: 4.910 GC heap before
{Heap before GC invocations=1 (full 0):
 garbage-first heap   total 131072K, used 23377K [0x0000000740000000, 0x0000000740100400, 0x00000007c0000000)
  region size 1024K, 20 young (20480K), 2 survivors (2048K)
 Metaspace       used 19497K, capacity 21288K, committed 21296K, reserved 1067008K
  class space    used 2537K, capacity 2856K, committed 2864K, reserved 1048576K
}
Event: 4.918 GC heap after
{Heap after GC invocations=2 (full 0):
 garbage-first heap   total 131072K, used 8940K [0x0000000740000000, 0x0000000740100400, 0x00000007c0000000)
  region size 1024K, 5 young (5120K), 5 survivors (5120K)
 Metaspace       used 19497K, capacity 21288K, committed 21296K, reserved 1067008K
  class space    used 2537K, capacity 2856K, committed 2864K, reserved 1048576K
}
Event: 59.570 GC heap before
{Heap before GC invocations=3 (full 0):
 garbage-first heap   total 131072K, used 36588K [0x0000000740000000, 0x0000000740100400, 0x00000007c0000000)
  region size 1024K, 30 young (30720K), 5 survivors (5120K)
 Metaspace       used 28419K, capacity 31078K, committed 31408K, reserved 1077248K
  class space    used 3692K, capacity 4187K, committed 4272K, reserved 1048576K
}
Event: 59.586 GC heap after
{Heap after GC invocations=4 (full 0):
 garbage-first heap   total 131072K, used 17197K [0x0000000740000000, 0x0000000740100400, 0x00000007c0000000)
  region size 1024K, 4 young (4096K), 4 survivors (4096K)
 Metaspace       used 28419K, capacity 31078K, committed 31408K, reserved 1077248K
  class space    used 3692K, capacity 4187K, committed 4272K, reserved 1048576K
}
Event: 98.318 GC heap before
{Heap before GC invocations=4 (full 0):
 garbage-first heap   total 131072K, used 52013K [0x0000000740000000, 0x0000000740100400, 0x00000007c0000000)
  region size 1024K, 31 young (31744K), 4 survivors (4096K)
 Metaspace       used 29609K, capacity 32326K, committed 32432K, reserved 1077248K
  class space    used 3752K, capacity 4233K, committed 4272K, reserved 1048576K
}
Event: 98.325 GC heap after
{Heap after GC invocations=5 (full 0):
 garbage-first heap   total 131072K, used 30227K [0x0000000740000000, 0x0000000740100400, 0x00000007c0000000)
  region size 1024K, 4 young (4096K), 4 survivors (4096K)
 Metaspace       used 29609K, capacity 32326K, committed 32432K, reserved 1077248K
  class space    used 3752K, capacity 4233K, committed 4272K, reserved 1048576K
}

Deoptimization events (10 events):
Event: 51.600 Thread 0x00007f899d23b000 Uncommon trap: reason=unstable_if action=reinterpret pc=0x00000001218f3e18 method=java.lang.StringUTF16.compress([CII)[B @ 13 c2
Event: 52.410 Thread 0x00007f899dae0000 Uncommon trap: reason=unstable_if action=reinterpret pc=0x0000000121938efc method=java.lang.invoke.MethodType.checkPtypes([Ljava/lang/Class;)I @ 32 c2
Event: 79.165 Thread 0x00007f899d23b000 Uncommon trap: reason=unstable_if action=reinterpret pc=0x0000000121a22494 method=java.security.AccessControlContext.optimize()Ljava/security/AccessControlContext; @ 220 c2
Event: 79.165 Thread 0x00007f899dae0000 Uncommon trap: reason=unstable_if action=reinterpret pc=0x0000000121a1e058 method=java.awt.Component.isShowing()Z @ 27 c2
Event: 112.762 Thread 0x00007f899e109800 Uncommon trap: reason=array_check action=maybe_recompile pc=0x0000000121a6d1fc method=javafx.css.CompoundSelector.applies(Ljavafx/css/Styleable;[Ljava/util/Set;I)Z @ 128 c2
Event: 112.762 Thread 0x00007f899e109800 Uncommon trap: reason=array_check action=maybe_recompile pc=0x0000000121a6d1fc method=javafx.css.CompoundSelector.applies(Ljavafx/css/Styleable;[Ljava/util/Set;I)Z @ 128 c2
Event: 112.762 Thread 0x00007f899e109800 Uncommon trap: reason=array_check action=maybe_recompile pc=0x0000000121a6d1fc method=javafx.css.CompoundSelector.applies(Ljavafx/css/Styleable;[Ljava/util/Set;I)Z @ 128 c2
Event: 112.762 Thread 0x00007f899e109800 Uncommon trap: reason=array_check action=maybe_recompile pc=0x0000000121a6d1fc method=javafx.css.CompoundSelector.applies(Ljavafx/css/Styleable;[Ljava/util/Set;I)Z @ 128 c2
Event: 122.048 Thread 0x00007f89a5285000 Uncommon trap: reason=unstable_if action=reinterpret pc=0x0000000121a1a168 method=sun.java2d.pipe.Region.clipScale(ID)I @ 3 c2
Event: 127.505 Thread 0x00007f899dae0000 Uncommon trap: reason=unstable_if action=reinterpret pc=0x0000000121a254cc method=java.awt.Component.inside(II)Z @ 9 c2

Classes redefined (0 events):
No events

Internal exceptions (10 events):
Event: 120.325 Thread 0x00007f899e109800 Exception <a 'java/io/FileNotFoundException'{0x0000000747be8a20}> (0x0000000747be8a20) thrown at [/HUDSON/workspace/9-2-build-macosx-x86_64-phase2/jdk9/6725/hotspot/src/share/vm/prims/jni.cpp, line 604]
Event: 121.636 Thread 0x00007f899e109800 Exception <a 'java/lang/IllegalStateException'{0x0000000747aa68b0}> (0x0000000747aa68b0) thrown at [/HUDSON/workspace/9-2-build-macosx-x86_64-phase2/jdk9/6725/hotspot/src/share/vm/prims/jvm.cpp, line 1314]
Event: 122.153 Thread 0x00007f899e109800 Exception <a 'java/lang/IllegalStateException'{0x0000000747aca8c0}> (0x0000000747aca8c0) thrown at [/HUDSON/workspace/9-2-build-macosx-x86_64-phase2/jdk9/6725/hotspot/src/share/vm/prims/jvm.cpp, line 1314]
Event: 122.751 Thread 0x00007f899e109800 Exception <a 'java/lang/IllegalStateException'{0x0000000747ae8178}> (0x0000000747ae8178) thrown at [/HUDSON/workspace/9-2-build-macosx-x86_64-phase2/jdk9/6725/hotspot/src/share/vm/prims/jvm.cpp, line 1314]
Event: 124.805 Thread 0x00007f899e109800 Exception <a 'java/lang/IllegalStateException'{0x00000007478a8160}> (0x00000007478a8160) thrown at [/HUDSON/workspace/9-2-build-macosx-x86_64-phase2/jdk9/6725/hotspot/src/share/vm/prims/jvm.cpp, line 1314]
Event: 129.252 Thread 0x00007f899e109800 Exception <a 'java/lang/IllegalStateException'{0x00000007472d23e8}> (0x00000007472d23e8) thrown at [/HUDSON/workspace/9-2-build-macosx-x86_64-phase2/jdk9/6725/hotspot/src/share/vm/prims/jvm.cpp, line 1314]
Event: 129.608 Thread 0x00007f899e109800 Exception <a 'java/lang/IllegalStateException'{0x00000007472ed870}> (0x00000007472ed870) thrown at [/HUDSON/workspace/9-2-build-macosx-x86_64-phase2/jdk9/6725/hotspot/src/share/vm/prims/jvm.cpp, line 1314]
Event: 130.465 Thread 0x00007f899e109800 Exception <a 'java/lang/IllegalStateException'{0x000000074711cc28}> (0x000000074711cc28) thrown at [/HUDSON/workspace/9-2-build-macosx-x86_64-phase2/jdk9/6725/hotspot/src/share/vm/prims/jvm.cpp, line 1314]
Event: 132.171 Thread 0x00007f899e109800 Exception <a 'java/lang/NullPointerException'{0x00000007471e2780}> (0x00000007471e2780) thrown at [/HUDSON/workspace/9-2-build-macosx-x86_64-phase2/jdk9/6725/hotspot/src/share/vm/prims/jvm.cpp, line 1314]
Event: 132.309 Thread 0x00007f899e109800 Exception <a 'java/lang/NullPointerException'{0x00000007471f8e78}> (0x00000007471f8e78) thrown at [/HUDSON/workspace/9-2-build-macosx-x86_64-phase2/jdk9/6725/hotspot/src/share/vm/prims/jvm.cpp, line 1314]

Events (10 events):
Event: 133.236 loading class javafx/application/Application done
Event: 133.245 loading class com/sun/javafx/tk/quantum/QuantumRenderer
Event: 133.245 loading class com/sun/javafx/tk/quantum/QuantumRenderer done
Event: 133.245 loading class com/sun/javafx/tk/quantum/QuantumToolkit
Event: 133.245 loading class com/sun/javafx/tk/quantum/QuantumToolkit done
Event: 133.245 Thread 0x00007f899d030000 Thread exited: 0x00007f899d030000
Event: 133.245 Thread 0x00007f899e1aa800 Thread exited: 0x00007f899e1aa800
Event: 133.245 Thread 0x00007f899d803000 Thread exited: 0x00007f899d803000
Event: 133.245 Thread 0x00007f899d030000 Thread added: 0x00007f899d030000
Event: 133.245 Thread 0x00007f899e109800 Thread exited: 0x00007f899e109800


Dynamic libraries:
0x00007fff2af9a000 	/System/Library/Frameworks/Cocoa.framework/Versions/A/Cocoa
0x00007fff372f5000 	/System/Library/Frameworks/Security.framework/Versions/A/Security
0x00007fff29c3b000 	/System/Library/Frameworks/ApplicationServices.framework/Versions/A/ApplicationServices
0x00007fff52b83000 	/usr/lib/libz.1.dylib
0x00007fff50b9e000 	/usr/lib/libSystem.B.dylib
0x00007fff2b72e000 	/System/Library/Frameworks/CoreFoundation.framework/Versions/A/CoreFoundation
0x00007fff2d842000 	/System/Library/Frameworks/Foundation.framework/Versions/C/Foundation
0x00007fff52196000 	/usr/lib/libobjc.A.dylib
0x00007fff28d8e000 	/System/Library/Frameworks/AppKit.framework/Versions/C/AppKit
0x00007fff2b310000 	/System/Library/Frameworks/CoreData.framework/Versions/A/CoreData
0x00007fff4a63c000 	/System/Library/PrivateFrameworks/RemoteViewServices.framework/Versions/A/RemoteViewServices
0x00007fff4ec54000 	/System/Library/PrivateFrameworks/UIFoundation.framework/Versions/A/UIFoundation
0x00007fff3f798000 	/System/Library/PrivateFrameworks/DFRFoundation.framework/Versions/A/DFRFoundation
0x00007fff2fc7d000 	/System/Library/Frameworks/Metal.framework/Versions/A/Metal
0x00007fff3f93a000 	/System/Library/PrivateFrameworks/DesktopServicesPriv.framework/Versions/A/DesktopServicesPriv
0x00007fff51799000 	/usr/lib/libenergytrace.dylib
0x00007fff4cd8c000 	/System/Library/PrivateFrameworks/SkyLight.framework/Versions/A/SkyLight
0x00007fff2bbcf000 	/System/Library/Frameworks/CoreGraphics.framework/Versions/A/CoreGraphics
0x00007fff50b99000 	/usr/lib/libScreenReader.dylib
0x00007fff27d56000 	/System/Library/Frameworks/Accelerate.framework/Versions/A/Accelerate
0x00007fff2dfb6000 	/System/Library/Frameworks/IOSurface.framework/Versions/A/IOSurface
0x00007fff2a185000 	/System/Library/Frameworks/AudioToolbox.framework/Versions/A/AudioToolbox
0x00007fff2a40f000 	/System/Library/Frameworks/AudioUnit.framework/Versions/A/AudioUnit
0x00007fff3f835000 	/System/Library/PrivateFrameworks/DataDetectorsCore.framework/Versions/A/DataDetectorsCore
0x00007fff2aaa3000 	/System/Library/Frameworks/Carbon.framework/Versions/A/Frameworks/HIToolbox.framework/Versions/A/HIToolbox
0x00007fff518f3000 	/usr/lib/libicucore.A.dylib
0x00007fff3687d000 	/System/Library/Frameworks/QuartzCore.framework/Versions/A/QuartzCore
0x00007fff2ae88000 	/System/Library/Frameworks/Carbon.framework/Versions/A/Frameworks/SpeechRecognition.framework/Versions/A/SpeechRecognition
0x00007fff50cfa000 	/usr/lib/libauto.dylib
0x00007fff52a72000 	/usr/lib/libxml2.2.dylib
0x00007fff3f424000 	/System/Library/PrivateFrameworks/CoreUI.framework/Versions/A/CoreUI
0x00007fff2b1ec000 	/System/Library/Frameworks/CoreAudio.framework/Versions/A/CoreAudio
0x00007fff2d67c000 	/System/Library/Frameworks/DiskArbitration.framework/Versions/A/DiskArbitration
0x00007fff51b67000 	/usr/lib/liblangid.dylib
0x00007fff46bbc000 	/System/Library/PrivateFrameworks/MultitouchSupport.framework/Versions/A/MultitouchSupport
0x00007fff2df19000 	/System/Library/Frameworks/IOKit.framework/Versions/A/IOKit
0x00007fff50835000 	/usr/lib/libDiagnosticMessagesClient.dylib
0x00007fff2c86f000 	/System/Library/Frameworks/CoreServices.framework/Versions/A/CoreServices
0x00007fff48646000 	/System/Library/PrivateFrameworks/PerformanceAnalysis.framework/Versions/A/PerformanceAnalysis
0x00007fff35a1b000 	/System/Library/Frameworks/OpenGL.framework/Versions/A/OpenGL
0x00007fff2afa8000 	/System/Library/Frameworks/ColorSync.framework/Versions/A/ColorSync
0x00007fff2c1dd000 	/System/Library/Frameworks/CoreImage.framework/Versions/A/CoreImage
0x00007fff2d1ee000 	/System/Library/Frameworks/CoreText.framework/Versions/A/CoreText
0x00007fff2e011000 	/System/Library/Frameworks/ImageIO.framework/Versions/A/ImageIO
0x00007fff3bcf6000 	/System/Library/PrivateFrameworks/Backup.framework/Versions/A/Backup
0x00007fff50c4a000 	/usr/lib/libarchive.2.dylib
0x00007fff2a725000 	/System/Library/Frameworks/CFNetwork.framework/Versions/A/CFNetwork
0x00007fff37a70000 	/System/Library/Frameworks/SystemConfiguration.framework/Versions/A/SystemConfiguration
0x00007fff5075e000 	/usr/lib/libCRFSuite.dylib
0x00007fff50dcf000 	/usr/lib/libc++.1.dylib
0x00007fff50e26000 	/usr/lib/libc++abi.dylib
0x00007fff52c32000 	/usr/lib/system/libcache.dylib
0x00007fff52c37000 	/usr/lib/system/libcommonCrypto.dylib
0x00007fff52c42000 	/usr/lib/system/libcompiler_rt.dylib
0x00007fff52c4a000 	/usr/lib/system/libcopyfile.dylib
0x00007fff52c53000 	/usr/lib/system/libcorecrypto.dylib
0x00007fff52d5e000 	/usr/lib/system/libdispatch.dylib
0x00007fff52d98000 	/usr/lib/system/libdyld.dylib
0x00007fff52db6000 	/usr/lib/system/libkeymgr.dylib
0x00007fff52dc4000 	/usr/lib/system/liblaunch.dylib
0x00007fff52dc5000 	/usr/lib/system/libmacho.dylib
0x00007fff52dca000 	/usr/lib/system/libquarantine.dylib
0x00007fff52dcd000 	/usr/lib/system/libremovefile.dylib
0x00007fff52dcf000 	/usr/lib/system/libsystem_asl.dylib
0x00007fff52de7000 	/usr/lib/system/libsystem_blocks.dylib
0x00007fff52de8000 	/usr/lib/system/libsystem_c.dylib
0x00007fff52e72000 	/usr/lib/system/libsystem_configuration.dylib
0x00007fff52e76000 	/usr/lib/system/libsystem_coreservices.dylib
0x00007fff52e7a000 	/usr/lib/system/libsystem_darwin.dylib
0x00007fff52e7c000 	/usr/lib/system/libsystem_dnssd.dylib
0x00007fff52e83000 	/usr/lib/system/libsystem_info.dylib
0x00007fff52ef3000 	/usr/lib/system/libsystem_m.dylib
0x00007fff52f3f000 	/usr/lib/system/libsystem_malloc.dylib
0x00007fff52f5f000 	/usr/lib/system/libsystem_network.dylib
0x00007fff53003000 	/usr/lib/system/libsystem_networkextension.dylib
0x00007fff5300e000 	/usr/lib/system/libsystem_notify.dylib
0x00007fff5302c000 	/usr/lib/system/libsystem_sandbox.dylib
0x00007fff53030000 	/usr/lib/system/libsystem_secinit.dylib
0x00007fff52ecd000 	/usr/lib/system/libsystem_kernel.dylib
0x00007fff53018000 	/usr/lib/system/libsystem_platform.dylib
0x00007fff53020000 	/usr/lib/system/libsystem_pthread.dylib
0x00007fff53032000 	/usr/lib/system/libsystem_symptoms.dylib
0x00007fff5303a000 	/usr/lib/system/libsystem_trace.dylib
0x00007fff5304f000 	/usr/lib/system/libunwind.dylib
0x00007fff53055000 	/usr/lib/system/libxpc.dylib
0x00007fff5068c000 	/usr/lib/closure/libclosured.dylib
0x00007fff50db0000 	/usr/lib/libbsm.0.dylib
0x00007fff52db7000 	/usr/lib/system/libkxld.dylib
0x00007fff50a6f000 	/usr/lib/libOpenScriptingUtil.dylib
0x00007fff5111b000 	/usr/lib/libcoretls.dylib
0x00007fff51134000 	/usr/lib/libcoretls_cfhelpers.dylib
0x00007fff52597000 	/usr/lib/libpam.2.dylib
0x00007fff526be000 	/usr/lib/libsqlite3.dylib
0x00007fff52a61000 	/usr/lib/libxar.1.dylib
0x00007fff50dc1000 	/usr/lib/libbz2.1.0.dylib
0x00007fff51b69000 	/usr/lib/liblzma.5.dylib
0x00007fff5204a000 	/usr/lib/libnetwork.dylib
0x00007fff50c33000 	/usr/lib/libapple_nghttp2.dylib
0x00007fff5259e000 	/usr/lib/libpcap.A.dylib
0x00007fff50cfb000 	/usr/lib/libboringssl.dylib
0x00007fff52a23000 	/usr/lib/libusrtcp.dylib
0x00007fff50c32000 	/usr/lib/libapple_crypto.dylib
0x00007fff2cbf2000 	/System/Library/Frameworks/CoreServices.framework/Versions/A/Frameworks/FSEvents.framework/Versions/A/FSEvents
0x00007fff2c8e5000 	/System/Library/Frameworks/CoreServices.framework/Versions/A/Frameworks/CarbonCore.framework/Versions/A/CarbonCore
0x00007fff2cdb3000 	/System/Library/Frameworks/CoreServices.framework/Versions/A/Frameworks/Metadata.framework/Versions/A/Metadata
0x00007fff2ce63000 	/System/Library/Frameworks/CoreServices.framework/Versions/A/Frameworks/OSServices.framework/Versions/A/OSServices
0x00007fff2cec1000 	/System/Library/Frameworks/CoreServices.framework/Versions/A/Frameworks/SearchKit.framework/Versions/A/SearchKit
0x00007fff2c870000 	/System/Library/Frameworks/CoreServices.framework/Versions/A/Frameworks/AE.framework/Versions/A/AE
0x00007fff2cbfb000 	/System/Library/Frameworks/CoreServices.framework/Versions/A/Frameworks/LaunchServices.framework/Versions/A/LaunchServices
0x00007fff2cbbd000 	/System/Library/Frameworks/CoreServices.framework/Versions/A/Frameworks/DictionaryServices.framework/Versions/A/DictionaryServices
0x00007fff2cf30000 	/System/Library/Frameworks/CoreServices.framework/Versions/A/Frameworks/SharedFileList.framework/Versions/A/SharedFileList
0x00007fff30e3a000 	/System/Library/Frameworks/NetFS.framework/Versions/A/NetFS
0x00007fff46e48000 	/System/Library/PrivateFrameworks/NetAuth.framework/Versions/A/NetAuth
0x00007fff50526000 	/System/Library/PrivateFrameworks/login.framework/Versions/A/Frameworks/loginsupport.framework/Versions/A/loginsupport
0x00007fff4e8da000 	/System/Library/PrivateFrameworks/TCC.framework/Versions/A/TCC
0x00007fff51c4a000 	/usr/lib/libmecabra.dylib
0x00007fff29c3c000 	/System/Library/Frameworks/ApplicationServices.framework/Versions/A/Frameworks/ATS.framework/Versions/A/ATS
0x00007fff29fea000 	/System/Library/Frameworks/ApplicationServices.framework/Versions/A/Frameworks/ColorSyncLegacy.framework/Versions/A/ColorSyncLegacy
0x00007fff2a08e000 	/System/Library/Frameworks/ApplicationServices.framework/Versions/A/Frameworks/HIServices.framework/Versions/A/HIServices
0x00007fff2a0e1000 	/System/Library/Frameworks/ApplicationServices.framework/Versions/A/Frameworks/LangAnalysis.framework/Versions/A/LangAnalysis
0x00007fff2a0f0000 	/System/Library/Frameworks/ApplicationServices.framework/Versions/A/Frameworks/PrintCore.framework/Versions/A/PrintCore
0x00007fff2a13d000 	/System/Library/Frameworks/ApplicationServices.framework/Versions/A/Frameworks/QD.framework/Versions/A/QD
0x00007fff2a178000 	/System/Library/Frameworks/ApplicationServices.framework/Versions/A/Frameworks/SpeechSynthesis.framework/Versions/A/SpeechSynthesis
0x00007fff2b662000 	/System/Library/Frameworks/CoreDisplay.framework/Versions/A/CoreDisplay
0x00007fff27d6e000 	/System/Library/Frameworks/Accelerate.framework/Versions/A/Frameworks/vImage.framework/Versions/A/vImage
0x00007fff28aa4000 	/System/Library/Frameworks/Accelerate.framework/Versions/A/Frameworks/vecLib.framework/Versions/A/vecLib
0x00007fff28846000 	/System/Library/Frameworks/Accelerate.framework/Versions/A/Frameworks/vecLib.framework/Versions/A/libvDSP.dylib
0x00007fff283c8000 	/System/Library/Frameworks/Accelerate.framework/Versions/A/Frameworks/vecLib.framework/Versions/A/libBNNS.dylib
0x00007fff287cd000 	/System/Library/Frameworks/Accelerate.framework/Versions/A/Frameworks/vecLib.framework/Versions/A/libQuadrature.dylib
0x00007fff289f3000 	/System/Library/Frameworks/Accelerate.framework/Versions/A/Frameworks/vecLib.framework/Versions/A/libvMisc.dylib
0x00007fff283f6000 	/System/Library/Frameworks/Accelerate.framework/Versions/A/Frameworks/vecLib.framework/Versions/A/libLAPACK.dylib
0x00007fff2826d000 	/System/Library/Frameworks/Accelerate.framework/Versions/A/Frameworks/vecLib.framework/Versions/A/libBLAS.dylib
0x00007fff287b7000 	/System/Library/Frameworks/Accelerate.framework/Versions/A/Frameworks/vecLib.framework/Versions/A/libLinearAlgebra.dylib
0x00007fff287d3000 	/System/Library/Frameworks/Accelerate.framework/Versions/A/Frameworks/vecLib.framework/Versions/A/libSparse.dylib
0x00007fff28832000 	/System/Library/Frameworks/Accelerate.framework/Versions/A/Frameworks/vecLib.framework/Versions/A/libSparseBLAS.dylib
0x00007fff4558a000 	/System/Library/PrivateFrameworks/IOAccelerator.framework/Versions/A/IOAccelerator
0x00007fff45595000 	/System/Library/PrivateFrameworks/IOPresentment.framework/Versions/A/IOPresentment
0x00007fff3f7aa000 	/System/Library/PrivateFrameworks/DSExternalDisplay.framework/Versions/A/DSExternalDisplay
0x00007fff34e9e000 	/System/Library/Frameworks/OpenGL.framework/Versions/A/Libraries/libCoreFSCache.dylib
0x00007fff2d33d000 	/System/Library/Frameworks/CoreVideo.framework/Versions/A/CoreVideo
0x00007fff44bee000 	/System/Library/PrivateFrameworks/GraphVisualizer.framework/Versions/A/GraphVisualizer
0x00007fff2fe2f000 	/System/Library/Frameworks/MetalPerformanceShaders.framework/Versions/A/MetalPerformanceShaders
0x00007fff5086d000 	/usr/lib/libFosl_dynamic.dylib
0x00007fff407c0000 	/System/Library/PrivateFrameworks/FaceCore.framework/Versions/A/FaceCore
0x00007fff33ca6000 	/System/Library/Frameworks/OpenCL.framework/Versions/A/OpenCL
0x00007fff50e5d000 	/usr/lib/libcompression.dylib
0x00007fff29d3b000 	/System/Library/Frameworks/ApplicationServices.framework/Versions/A/Frameworks/ATS.framework/Versions/A/Resources/libFontParser.dylib
0x00007fff29e5e000 	/System/Library/Frameworks/ApplicationServices.framework/Versions/A/Frameworks/ATS.framework/Versions/A/Resources/libFontRegistry.dylib
0x00007fff2e272000 	/System/Library/Frameworks/ImageIO.framework/Versions/A/Resources/libJPEG.dylib
0x00007fff2e59b000 	/System/Library/Frameworks/ImageIO.framework/Versions/A/Resources/libTIFF.dylib
0x00007fff2e571000 	/System/Library/Frameworks/ImageIO.framework/Versions/A/Resources/libPng.dylib
0x00007fff2e185000 	/System/Library/Frameworks/ImageIO.framework/Versions/A/Resources/libGIF.dylib
0x00007fff2e18a000 	/System/Library/Frameworks/ImageIO.framework/Versions/A/Resources/libJP2.dylib
0x00007fff2e598000 	/System/Library/Frameworks/ImageIO.framework/Versions/A/Resources/libRadiance.dylib
0x00007fff3b484000 	/System/Library/PrivateFrameworks/AppleJPEG.framework/Versions/A/AppleJPEG
0x00007fff4693f000 	/System/Library/PrivateFrameworks/MetalTools.framework/Versions/A/MetalTools
0x00007fff2fd17000 	/System/Library/Frameworks/MetalPerformanceShaders.framework/Frameworks/MPSCore.framework/Versions/A/MPSCore
0x00007fff2fd2d000 	/System/Library/Frameworks/MetalPerformanceShaders.framework/Frameworks/MPSImage.framework/Versions/A/MPSImage
0x00007fff2fd98000 	/System/Library/Frameworks/MetalPerformanceShaders.framework/Frameworks/MPSMatrix.framework/Versions/A/MPSMatrix
0x00007fff2fdb8000 	/System/Library/Frameworks/MetalPerformanceShaders.framework/Frameworks/MPSNeuralNetwork.framework/Versions/A/MPSNeuralNetwork
0x00007fff35065000 	/System/Library/Frameworks/OpenGL.framework/Versions/A/Libraries/libGLU.dylib
0x00007fff34ea7000 	/System/Library/Frameworks/OpenGL.framework/Versions/A/Libraries/libGFXShared.dylib
0x00007fff34eb0000 	/System/Library/Frameworks/OpenGL.framework/Versions/A/Libraries/libGL.dylib
0x00007fff34ebc000 	/System/Library/Frameworks/OpenGL.framework/Versions/A/Libraries/libGLImage.dylib
0x00007fff34e9b000 	/System/Library/Frameworks/OpenGL.framework/Versions/A/Libraries/libCVMSPluginSupport.dylib
0x00007fff34ea2000 	/System/Library/Frameworks/OpenGL.framework/Versions/A/Libraries/libCoreVMClient.dylib
0x00007fff51605000 	/usr/lib/libcups.2.dylib
0x00007fff2f31f000 	/System/Library/Frameworks/Kerberos.framework/Versions/A/Kerberos
0x00007fff2dc75000 	/System/Library/Frameworks/GSS.framework/Versions/A/GSS
0x00007fff52652000 	/usr/lib/libresolv.9.dylib
0x00007fff51801000 	/usr/lib/libiconv.2.dylib
0x00007fff44c75000 	/System/Library/PrivateFrameworks/Heimdal.framework/Versions/A/Heimdal
0x00007fff517d0000 	/usr/lib/libheimdal-asn1.dylib
0x00007fff33d11000 	/System/Library/Frameworks/OpenDirectory.framework/Versions/A/OpenDirectory
0x00007fff3d6d6000 	/System/Library/PrivateFrameworks/CommonAuth.framework/Versions/A/CommonAuth
0x00007fff33cf4000 	/System/Library/Frameworks/OpenDirectory.framework/Versions/A/Frameworks/CFOpenDirectory.framework/Versions/A/CFOpenDirectory
0x00007fff37611000 	/System/Library/Frameworks/SecurityFoundation.framework/Versions/A/SecurityFoundation
0x00007fff3a6a5000 	/System/Library/PrivateFrameworks/APFS.framework/Versions/A/APFS
0x00007fff52a5d000 	/usr/lib/libutil.dylib
0x00007fff3b507000 	/System/Library/PrivateFrameworks/AppleSauce.framework/Versions/A/AppleSauce
0x00007fff45d5d000 	/System/Library/PrivateFrameworks/LinguisticData.framework/Versions/A/LinguisticData
0x00007fff51b83000 	/usr/lib/libmarisa.dylib
0x00007fff45d17000 	/System/Library/PrivateFrameworks/Lexicon.framework/Versions/A/Lexicon
0x00007fff50798000 	/usr/lib/libChineseTokenizer.dylib
0x00007fff50e4c000 	/usr/lib/libcmph.dylib
0x00007fff45c21000 	/System/Library/PrivateFrameworks/LanguageModeling.framework/Versions/A/LanguageModeling
0x00007fff3e0e5000 	/System/Library/PrivateFrameworks/CoreEmoji.framework/Versions/A/CoreEmoji
0x00007fff376c9000 	/System/Library/Frameworks/ServiceManagement.framework/Versions/A/ServiceManagement
0x00007fff3bcee000 	/System/Library/PrivateFrameworks/BackgroundTaskManagement.framework/Versions/A/BackgroundTaskManagement
0x00007fff52b5a000 	/usr/lib/libxslt.1.dylib
0x00007fff2adb2000 	/System/Library/Frameworks/Carbon.framework/Versions/A/Frameworks/Ink.framework/Versions/A/Ink
0x00007fff4eae8000 	/System/Library/PrivateFrameworks/TextureIO.framework/Versions/A/TextureIO
0x00007fff50c75000 	/usr/lib/libate.dylib
0x00007fff3f70c000 	/System/Library/PrivateFrameworks/CrashReporterSupport.framework/Versions/A/CrashReporterSupport
0x00007fff4bf64000 	/System/Library/PrivateFrameworks/Sharing.framework/Versions/A/Sharing
0x00007fff4596a000 	/System/Library/PrivateFrameworks/IconServices.framework/Versions/A/IconServices
0x00007fff4a449000 	/System/Library/PrivateFrameworks/ProtocolBuffer.framework/Versions/A/ProtocolBuffer
0x00007fff3b311000 	/System/Library/PrivateFrameworks/Apple80211.framework/Versions/A/Apple80211
0x00007fff2d378000 	/System/Library/Frameworks/CoreWLAN.framework/Versions/A/CoreWLAN
0x00007fff3f559000 	/System/Library/PrivateFrameworks/CoreUtils.framework/Versions/A/CoreUtils
0x00007fff2ddb6000 	/System/Library/Frameworks/IOBluetooth.framework/Versions/A/IOBluetooth
0x00007fff3f6a7000 	/System/Library/PrivateFrameworks/CoreWiFi.framework/Versions/A/CoreWiFi
0x00007fff2b2e6000 	/System/Library/Frameworks/CoreBluetooth.framework/Versions/A/CoreBluetooth
0x00007fff4c092000 	/System/Library/PrivateFrameworks/SignpostNotification.framework/Versions/A/SignpostNotification
0x00007fff3f8f9000 	/System/Library/PrivateFrameworks/DebugSymbols.framework/Versions/A/DebugSymbols
0x00007fff3f310000 	/System/Library/PrivateFrameworks/CoreSymbolication.framework/Versions/A/CoreSymbolication
0x00007fff4e36b000 	/System/Library/PrivateFrameworks/Symbolication.framework/Versions/A/Symbolication
0x00007fff3b33b000 	/System/Library/PrivateFrameworks/AppleFSCompression.framework/Versions/A/AppleFSCompression
0x00007fff4d7d1000 	/System/Library/PrivateFrameworks/SpeechRecognitionCore.framework/Versions/A/SpeechRecognitionCore
0x000000010a800000 	/Library/Java/JavaVirtualMachines/jdk-9.jdk/Contents/Home/lib/server/libjvm.dylib
0x00007fff52955000 	/usr/lib/libstdc++.6.0.9.dylib
0x0000000109f10000 	/Library/Java/JavaVirtualMachines/jdk-9.jdk/Contents/Home/lib/libverify.dylib
0x0000000109f1d000 	/Library/Java/JavaVirtualMachines/jdk-9.jdk/Contents/Home/lib/libjava.dylib
0x0000000109f53000 	/Library/Java/JavaVirtualMachines/jdk-9.jdk/Contents/Home/lib/libinstrument.dylib
0x0000000109fe8000 	/Library/Java/JavaVirtualMachines/jdk-9.jdk/Contents/Home/lib/libzip.dylib
0x0000000109ff0000 	/Library/Java/JavaVirtualMachines/jdk-9.jdk/Contents/Home/lib/libjimage.dylib
0x000000010f00e000 	/Library/Java/JavaVirtualMachines/jdk-9.jdk/Contents/Home/lib/libnio.dylib
0x000000010f01e000 	/Library/Java/JavaVirtualMachines/jdk-9.jdk/Contents/Home/lib/./libnet.dylib
0x000000010f2cd000 	/Library/Java/JavaVirtualMachines/jdk-9.jdk/Contents/Home/lib/libprism_es2.dylib
0x00007fff3efba000 	/System/Library/PrivateFrameworks/CoreServicesInternal.framework/Versions/A/CoreServicesInternal
0x00007fff35a2a000 	/System/Library/Frameworks/OpenGL.framework/Versions/A/Resources/GLEngine.bundle/GLEngine
0x00007fff34ef8000 	/System/Library/Frameworks/OpenGL.framework/Versions/A/Libraries/libGLProgrammability.dylib
0x000000012d5da000 	/System/Library/Extensions/AppleIntelKBLGraphicsGLDriver.bundle/Contents/MacOS/AppleIntelKBLGraphicsGLDriver
0x00007fff43eaa000 	/System/Library/PrivateFrameworks/GPUSupport.framework/Versions/A/Libraries/libGPUSupportMercury.dylib
0x00007fff35bc2000 	/System/Library/Frameworks/OpenGL.framework/Versions/A/Resources/GLRendererFloat.bundle/GLRendererFloat
0x00007fff33c9d000 	/System/Library/Frameworks/OpenCL.framework/Versions/A/Libraries/libcldcpuengine.dylib
0x00007fff512ce000 	/usr/lib/libcrypto.35.dylib
0x00007fff4ec4d000 	/System/Library/PrivateFrameworks/TrustEvaluationAgent.framework/Versions/A/TrustEvaluationAgent
0x000000012e785000 	/Library/Java/JavaVirtualMachines/jdk-9.jdk/Contents/Home/lib/libglass.dylib
0x00007fff241d8000 	/System/Library/CoreServices/RawCamera.bundle/Contents/MacOS/RawCamera
0x00007fff469ae000 	/System/Library/PrivateFrameworks/MobileAsset.framework/Versions/A/MobileAsset
0x00007fff4dc73000 	/System/Library/PrivateFrameworks/StreamingZip.framework/Versions/A/StreamingZip
0x00007fff2f67f000 	/System/Library/Frameworks/MediaToolbox.framework/Versions/A/MediaToolbox
0x00007fff3dd4e000 	/System/Library/PrivateFrameworks/CoreAVCHD.framework/Versions/A/CoreAVCHD
0x00007fff2f5ec000 	/System/Library/Frameworks/MediaAccessibility.framework/Versions/A/MediaAccessibility
0x00007fff46573000 	/System/Library/PrivateFrameworks/Mangrove.framework/Versions/A/Mangrove
0x00007fff2c744000 	/System/Library/Frameworks/CoreMedia.framework/Versions/A/CoreMedia
0x00007fff37c95000 	/System/Library/Frameworks/VideoToolbox.framework/Versions/A/VideoToolbox
0x00007fff3d96d000 	/System/Library/PrivateFrameworks/CoreAUC.framework/Versions/A/CoreAUC
0x00007fff526bc000 	/usr/lib/libspindump.dylib
0x00007fff516dd000 	/usr/lib/libdscsym.dylib
0x00007fff3b5fc000 	/System/Library/PrivateFrameworks/AppleVA.framework/Versions/A/AppleVA
0x00007fff27d57000 	/System/Library/Frameworks/Accelerate.framework/Versions/A/Frameworks/vImage.framework/Versions/A/Libraries/libCGInterfaces.dylib
0x0000000130708000 	/Library/Java/JavaVirtualMachines/jdk-9.jdk/Contents/Home/lib/libjavafx_font.dylib
0x00000001324a9000 	/Library/Java/JavaVirtualMachines/jdk-9.jdk/Contents/Home/lib/libawt.dylib
0x000000013254e000 	/Library/Java/JavaVirtualMachines/jdk-9.jdk/Contents/Home/lib/./libmlib_image.dylib
0x00007fff2f308000 	/System/Library/Frameworks/JavaVM.framework/Versions/A/Frameworks/JavaNativeFoundation.framework/Versions/A/JavaNativeFoundation
0x00007fff2f311000 	/System/Library/Frameworks/JavaVM.framework/Versions/A/Frameworks/JavaRuntimeSupport.framework/Versions/A/JavaRuntimeSupport
0x00007fff2f31a000 	/System/Library/Frameworks/JavaVM.framework/Versions/A/JavaVM
0x00007fff45b24000 	/System/Library/PrivateFrameworks/JavaLaunching.framework/Versions/A/JavaLaunching
0x00007fff2aa9e000 	/System/Library/Frameworks/Carbon.framework/Versions/A/Carbon
0x00007fff2aa9f000 	/System/Library/Frameworks/Carbon.framework/Versions/A/Frameworks/CommonPanels.framework/Versions/A/CommonPanels
0x00007fff2ada8000 	/System/Library/Frameworks/Carbon.framework/Versions/A/Frameworks/Help.framework/Versions/A/Help
0x00007fff2adac000 	/System/Library/Frameworks/Carbon.framework/Versions/A/Frameworks/ImageCapture.framework/Versions/A/ImageCapture
0x00007fff2ae48000 	/System/Library/Frameworks/Carbon.framework/Versions/A/Frameworks/OpenScripting.framework/Versions/A/OpenScripting
0x00007fff2ae83000 	/System/Library/Frameworks/Carbon.framework/Versions/A/Frameworks/Print.framework/Versions/A/Print
0x00007fff2ae85000 	/System/Library/Frameworks/Carbon.framework/Versions/A/Frameworks/SecurityHI.framework/Versions/A/SecurityHI
0x00000001325bc000 	/Library/Java/JavaVirtualMachines/jdk-9.jdk/Contents/Home/lib/libawt_lwawt.dylib
0x000000013267c000 	/Library/Java/JavaVirtualMachines/jdk-9.jdk/Contents/Home/lib/./libosxapp.dylib
0x00007fff2d81b000 	/System/Library/Frameworks/ExceptionHandling.framework/Versions/A/ExceptionHandling
0x0000000132697000 	/Library/Java/JavaVirtualMachines/jdk-9.jdk/Contents/Home/lib/libfontmanager.dylib
0x00007fff29f4d000 	/System/Library/Frameworks/ApplicationServices.framework/Versions/A/Frameworks/ATS.framework/Versions/A/Resources/libTrueTypeScaler.dylib
0x00007fff25846000 	/System/Library/Extensions/AppleIntelKBLGraphicsMTLDriver.bundle/Contents/MacOS/AppleIntelKBLGraphicsMTLDriver
0x00007fff4284a000 	/System/Library/PrivateFrameworks/GPUCompiler.framework/Versions/3802/Libraries/libmetal_timestamp.dylib
0x00007fff4fac8000 	/System/Library/PrivateFrameworks/ViewBridge.framework/Versions/A/ViewBridge
0x000000010f0c1000 	/Library/Java/JavaVirtualMachines/jdk-9.jdk/Contents/Home/lib/libprism_common.dylib
0x00007fff4e6b0000 	/System/Library/PrivateFrameworks/SystemAdministration.framework/Versions/A/SystemAdministration
0x00007fff3fc26000 	/System/Library/PrivateFrameworks/DiskManagement.framework/Versions/A/DiskManagement
0x00007fff2d58f000 	/System/Library/Frameworks/DirectoryService.framework/Versions/A/DirectoryService
0x00007fff3fb53000 	/System/Library/PrivateFrameworks/DiskImages.framework/Versions/A/DiskImages
0x00007fff45e49000 	/System/Library/PrivateFrameworks/LoginUIKit.framework/Versions/A/Frameworks/LoginUICore.framework/Versions/A/LoginUICore
0x00007fff507a4000 	/usr/lib/libCoreStorage.dylib
0x00007fff515f9000 	/usr/lib/libcsfde.dylib
0x00007fff52585000 	/usr/lib/libodfde.dylib
0x00007fff4668f000 	/System/Library/PrivateFrameworks/MediaKit.framework/Versions/A/MediaKit
0x00007fff2d59b000 	/System/Library/Frameworks/DiscRecording.framework/Versions/A/DiscRecording
0x00007fff3fd2f000 	/System/Library/PrivateFrameworks/EFILogin.framework/Versions/A/EFILogin
0x00007fff4a3f9000 	/System/Library/PrivateFrameworks/ProtectedCloudStorage.framework/Versions/A/ProtectedCloudStorage
0x00007fff51686000 	/usr/lib/libcurl.4.dylib
0x00007fff528af000 	/usr/lib/libssl.35.dylib
0x00007fff2f339000 	/System/Library/Frameworks/LDAP.framework/Versions/A/LDAP
0x00007fff526a9000 	/usr/lib/libsasl2.2.dylib
0x00007fff3df78000 	/System/Library/PrivateFrameworks/CoreDaemon.framework/Versions/B/CoreDaemon
0x00007fff3b4fe000 	/System/Library/PrivateFrameworks/AppleSRP.framework/Versions/A/AppleSRP
0x00007fff50529000 	/System/Library/PrivateFrameworks/login.framework/Versions/A/login
0x0000000134025000 	/Library/Java/JavaVirtualMachines/jdk-9.jdk/Contents/Home/lib/libjavafx_iio.dylib
0x0000000130848000 	/Library/Java/JavaVirtualMachines/jdk-9.jdk/Contents/Home/lib/libosxui.dylib

VM Arguments:
jvm_args: -javaagent:/Applications/IntelliJ IDEA.app/Contents/lib/idea_rt.jar=52430:/Applications/IntelliJ IDEA.app/Contents/bin -Dfile.encoding=UTF-8 
java_command: sample.Main
java_class_path (initial): /Users/shashvatkedia/Desktop/CodeJam_zoo-master/CodeJam/out/production/CodeJam:/Users/shashvatkedia/Desktop/CodeJam_zoo-master/CodeJam/json-simple-1.1.1.jar
Launcher Type: SUN_STANDARD

Logging:
Log output configuration:
#0: stdout all=warning uptime,level,tags
#1: stderr all=off uptime,level,tags

Environment Variables:
PATH=/Users/shashvatkedia/Library/Android/sdk/platform-tools:/Users/shashvatkedia/Library/Android/sdk/tools:/Library/Frameworks/Python.framework/Versions/3.6/bin:/Users/shashvatkedia/anaconda3/bin:/usr/local/bin:/usr/bin:/bin:/usr/sbin:/sbin:/Library/TeX/texbin
SHELL=/bin/bash

Signal Handlers:
SIGSEGV: [libjvm.dylib+0x73ea4c], sa_mask[0]=11111111011111110111111111111111, sa_flags=SA_ONSTACK|SA_RESTART|SA_SIGINFO
SIGBUS: [libjvm.dylib+0x73ea4c], sa_mask[0]=11111111011111110111111111111111, sa_flags=SA_RESTART|SA_SIGINFO
SIGFPE: [libjvm.dylib+0x73ea4c], sa_mask[0]=11111111011111110111111111111111, sa_flags=SA_RESTART|SA_SIGINFO
SIGPIPE: [libjvm.dylib+0x5f1d1c], sa_mask[0]=11111111011111110111111111111111, sa_flags=SA_RESTART|SA_SIGINFO
SIGXFSZ: [libjvm.dylib+0x5f1d1c], sa_mask[0]=11111111011111110111111111111111, sa_flags=SA_RESTART|SA_SIGINFO
SIGILL: [libjvm.dylib+0x73ea4c], sa_mask[0]=11111111011111110111111111111111, sa_flags=SA_RESTART|SA_SIGINFO
SIGUSR2: [libjvm.dylib+0x5f25ac], sa_mask[0]=00100000000000000000000000000000, sa_flags=SA_RESTART|SA_SIGINFO
SIGHUP: [libjvm.dylib+0x5f0de9], sa_mask[0]=11111111011111110111111111111111, sa_flags=SA_RESTART|SA_SIGINFO
SIGINT: [libjvm.dylib+0x5f0de9], sa_mask[0]=11111111011111110111111111111111, sa_flags=SA_RESTART|SA_SIGINFO
SIGTERM: [libjvm.dylib+0x5f0de9], sa_mask[0]=11111111011111110111111111111111, sa_flags=SA_RESTART|SA_SIGINFO
SIGQUIT: [libjvm.dylib+0x5f0de9], sa_mask[0]=11111111011111110111111111111111, sa_flags=SA_RESTART|SA_SIGINFO


---------------  S Y S T E M  ---------------

OS:uname:Darwin 17.2.0 Darwin Kernel Version 17.2.0: Fri Sep 29 18:27:05 PDT 2017; root:xnu-4570.20.62~3/RELEASE_X86_64 x86_64
rlimit: STACK 8192k, CORE 0k, NPROC 709, NOFILE 10240, AS infinity
load average:2.66 2.35 2.35

CPU:total 4 (initial active 4) (2 cores per cpu, 2 threads per core) family 6 model 142 stepping 9, cmov, cx8, fxsr, mmx, sse, sse2, sse3, ssse3, sse4.1, sse4.2, popcnt, avx, avx2, aes, clmul, erms, rtm, 3dnowpref, lzcnt, ht, tsc, tscinvbit, bmi1, bmi2, adx, fma

Memory: 4k page, physical 8388608k(1048132k free)

vm_info: Java HotSpot(TM) 64-Bit Server VM (9+181) for bsd-amd64 JRE (9+181), built on Aug  2 2017 21:10:28 by "javare" with gcc 4.2.1 Compatible Apple LLVM 6.1.0 (clang-602.0.49)

END.
